<?xml version="1.0" encoding="UTF-8"?>
<!-- Generated by org.testng.reporters.JUnitReportReporter -->
<testsuite name="TestAppiumAI" tests="1" time="26.572" ignored="0" failures="0" timestamp="17 Jun 2019 18:46:44 GMT" skipped="0" hostname="Vaibhav" errors="0">
  <testcase name="installTest" time="26.572" classname="TestAppiumAI"/>
</testsuite> <!-- TestAppiumAI -->
